2026-06-05 17:32:15.083 [info] Reading sessions from keychain...
2026-06-05 17:32:15.083 [info] Getting sessions for all scopes...
2026-06-05 17:32:15.083 [info] Got 0 sessions for ...
2026-06-05 17:32:15.083 [info] Getting sessions for all scopes...
2026-06-05 17:32:15.083 [info] Got 0 sessions for ...
2026-06-05 17:32:15.083 [info] Getting sessions for all scopes...
2026-06-05 17:32:15.083 [info] Got 0 sessions for ...
2026-06-05 17:32:15.083 [info] Getting sessions for all scopes...
2026-06-05 17:32:15.083 [info] Got 0 sessions for ...
2026-06-05 17:32:15.084 [info] Getting sessions for all scopes...
2026-06-05 17:32:15.084 [info] Got 0 sessions for ...
2026-06-05 17:32:16.313 [info] Getting sessions for all scopes...
2026-06-05 17:32:16.313 [info] Got 0 sessions for ...
2026-06-05 17:32:35.808 [info] Logging in with 'any' account...
2026-06-05 17:32:35.808 [info] Logging in for the following scopes: read:user repo user:email workflow
2026-06-05 17:32:35.976 [info] Trying device code flow... (read:user repo user:email workflow)
2026-06-05 17:33:15.960 [error] User Cancelled
2026-06-05 17:33:21.369 [info] Logging in with google,  'any' account...
2026-06-05 17:33:21.369 [info] Logging in for the following scopes: read:user repo user:email workflow
2026-06-05 17:33:21.375 [info] Trying device code flow... (read:user repo user:email workflow)
2026-06-05 17:33:30.230 [error] User Cancelled
2026-06-05 17:33:36.181 [info] Logging in with google,  'any' account...
2026-06-05 17:33:36.181 [info] Logging in for the following scopes: read:user repo user:email workflow
2026-06-05 17:33:36.184 [info] Trying device code flow... (read:user repo user:email workflow)
